This file contains any messages produced by compilers while
running configure, to aid debugging if configure makes a mistake.

It was created by epdfinfo configure 0.90, which was
generated by GNU Autoconf 2.69.  Invocation command line was

  $ ./configure -q --bindir=c:/Users/Nikolichnik/.emacs.d/elpa/pdf-tools-20181022.1633/

## --------- ##
## Platform. ##
## --------- ##

hostname = blueboxxx230t
uname -m = x86_64
uname -r = 2.11.1(0.329/5/3)
uname -s = MINGW64_NT-10.0
uname -v = 2018-09-10 14:19

/usr/bin/uname -p = unknown
/bin/uname -X     = unknown

/bin/arch              = x86_64
/usr/bin/arch -k       = unknown
/usr/convex/getsysinfo = unknown
/usr/bin/hostinfo      = unknown
/bin/machine           = unknown
/usr/bin/oslevel       = unknown
/bin/universe          = unknown

PATH: /mingw64/bin
PATH: /usr/local/bin
PATH: /usr/bin
PATH: /bin
PATH: /c/Windows/System32
PATH: /c/Windows
PATH: /c/Windows/System32/Wbem
PATH: /c/Windows/System32/WindowsPowerShell/v1.0/


## ----------- ##
## Core tests. ##
## ----------- ##

configure:2386: loading site script /mingw64/etc/config.site
| # This file is in public domain.
| # Original author: Karlson2k (Evgeny Grin)
| # Written for MSys2/MinGW64 to help running 'configure' scripts
| 
| # Defaults for MinGW64-targeted programs
| 
| # Set proper selfname on bash and fallback to default name on other shells
| test -n "${BASH_SOURCE}" 2>/dev/null && config_site_me="${BASH_SOURCE[0]##*/}" || config_site_me=config.site
| 
| # Set default 'host' to speedup configure
| if test -z "$build_alias"; then
|   build_alias="${MSYSTEM_CHOST-x86_64-w64-mingw32}" && \
|     $as_echo "$config_site_me:${as_lineno-$LINENO}: default build_alias set to $build_alias" >&5 
| fi
| 
| # Set default 'prefix' to "/mingw64"
| if ( test -z "$prefix" || test "x$prefix" = "xNONE" ) && \
|    ( test -z "$exec_prefix" || test "x$exec_prefix" = "xNONE" ); then
|   prefix="${MSYSTEM_PREFIX-/mingw64}" && \
|     $as_echo "$config_site_me:${as_lineno-$LINENO}: default prefix set to $prefix" >&5
| fi
config.site:13: default build_alias set to x86_64-w64-mingw32
config.site:20: default prefix set to /mingw64
configure:2527: checking for a BSD-compatible install
configure:2595: result: /usr/bin/install -c
configure:2606: checking whether build environment is sane
configure:2661: result: yes
configure:2812: checking for a thread-safe mkdir -p
configure:2851: result: /usr/bin/mkdir -p
configure:2858: checking for gawk
configure:2874: found /usr/bin/gawk
configure:2885: result: gawk
configure:2896: checking whether make sets $(MAKE)
configure:2918: result: yes
configure:2947: checking whether make supports nested variables
configure:2964: result: yes
configure:3143: checking for gcc
configure:3159: found /mingw64/bin/gcc
configure:3170: result: gcc
configure:3399: checking for C compiler version
configure:3408: gcc --version >&5
gcc.exe (Rev3, Built by MSYS2 project) 8.2.0
Copyright (C) 2018 Free Software Foundation, Inc.
This is free software; see the source for copying conditions.  There is NO
warranty; not even for MERCHANTABILITY or FITNESS FOR A PARTICULAR PURPOSE.

configure:3419: $? = 0
configure:3408: gcc -v >&5
Using built-in specs.
COLLECT_GCC=C:\msys64\mingw64\bin\gcc.exe
COLLECT_LTO_WRAPPER=C:/msys64/mingw64/bin/../lib/gcc/x86_64-w64-mingw32/8.2.0/lto-wrapper.exe
Target: x86_64-w64-mingw32
Configured with: ../gcc-8.2.0/configure --prefix=/mingw64 --with-local-prefix=/mingw64/local --build=x86_64-w64-mingw32 --host=x86_64-w64-mingw32 --target=x86_64-w64-mingw32 --with-native-system-header-dir=/mingw64/x86_64-w64-mingw32/include --libexecdir=/mingw64/lib --enable-bootstrap --with-arch=x86-64 --with-tune=generic --enable-languages=ada,c,lto,c++,objc,obj-c++,fortran --enable-shared --enable-static --enable-libatomic --enable-threads=posix --enable-graphite --enable-fully-dynamic-string --enable-libstdcxx-filesystem-ts=yes --enable-libstdcxx-time=yes --disable-libstdcxx-pch --disable-libstdcxx-debug --disable-isl-version-check --enable-lto --enable-libgomp --disable-multilib --enable-checking=release --disable-rpath --disable-win32-registry --disable-nls --disable-werror --disable-symvers --with-libiconv --with-system-zlib --with-gmp=/mingw64 --with-mpfr=/mingw64 --with-mpc=/mingw64 --with-isl=/mingw64 --with-pkgversion='Rev3, Built by MSYS2 project' --with-bugurl=https://sourceforge.net/projects/msys2 --with-gnu-as --with-gnu-ld
Thread model: posix
gcc version 8.2.0 (Rev3, Built by MSYS2 project) 
configure:3419: $? = 0
configure:3408: gcc -V >&5
gcc.exe: error: unrecognized command line option '-V'
gcc.exe: fatal error: no input files
compilation terminated.
configure:3419: $? = 1
configure:3408: gcc -qversion >&5
gcc.exe: error: unrecognized command line option '-qversion'; did you mean '--version'?
gcc.exe: fatal error: no input files
compilation terminated.
configure:3419: $? = 1
configure:3439: checking whether the C compiler works
configure:3461: gcc    conftest.c  >&5
configure:3465: $? = 0
configure:3513: result: yes
configure:3516: checking for C compiler default output file name
configure:3518: result: a.exe
configure:3524: checking for suffix of executables
configure:3531: gcc -o conftest.exe    conftest.c  >&5
configure:3535: $? = 0
configure:3557: result: .exe
configure:3579: checking whether we are cross compiling
configure:3587: gcc -o conftest.exe    conftest.c  >&5
configure:3591: $? = 0
configure:3598: ./conftest.exe
configure:3602: $? = 0
configure:3617: result: no
configure:3622: checking for suffix of object files
configure:3644: gcc -c   conftest.c >&5
configure:3648: $? = 0
configure:3669: result: o
configure:3673: checking whether we are using the GNU C compiler
configure:3692: gcc -c   conftest.c >&5
configure:3692: $? = 0
configure:3701: result: yes
configure:3710: checking whether gcc accepts -g
configure:3730: gcc -c -g  conftest.c >&5
configure:3730: $? = 0
configure:3771: result: yes
configure:3788: checking for gcc option to accept ISO C89
configure:3851: gcc  -c -g -O2  conftest.c >&5
configure:3851: $? = 0
configure:3864: result: none needed
configure:3889: checking whether gcc understands -c and -o together
configure:3911: gcc -c conftest.c -o conftest2.o
configure:3914: $? = 0
configure:3911: gcc -c conftest.c -o conftest2.o
configure:3914: $? = 0
configure:3926: result: yes
configure:3946: checking whether make supports the include directive
configure:3961: make -f confmf.GNU && cat confinc.out
this is the am__doit target
configure:3964: $? = 0
configure:3983: result: yes (GNU style)
configure:4008: checking dependency style of gcc
configure:4119: result: gcc3
configure:4193: checking for g++
configure:4209: found /mingw64/bin/g++
configure:4220: result: g++
configure:4247: checking for C++ compiler version
configure:4256: g++ --version >&5
g++.exe (Rev3, Built by MSYS2 project) 8.2.0
Copyright (C) 2018 Free Software Foundation, Inc.
This is free software; see the source for copying conditions.  There is NO
warranty; not even for MERCHANTABILITY or FITNESS FOR A PARTICULAR PURPOSE.

configure:4267: $? = 0
configure:4256: g++ -v >&5
Using built-in specs.
COLLECT_GCC=C:\msys64\mingw64\bin\g++.exe
COLLECT_LTO_WRAPPER=C:/msys64/mingw64/bin/../lib/gcc/x86_64-w64-mingw32/8.2.0/lto-wrapper.exe
Target: x86_64-w64-mingw32
Configured with: ../gcc-8.2.0/configure --prefix=/mingw64 --with-local-prefix=/mingw64/local --build=x86_64-w64-mingw32 --host=x86_64-w64-mingw32 --target=x86_64-w64-mingw32 --with-native-system-header-dir=/mingw64/x86_64-w64-mingw32/include --libexecdir=/mingw64/lib --enable-bootstrap --with-arch=x86-64 --with-tune=generic --enable-languages=ada,c,lto,c++,objc,obj-c++,fortran --enable-shared --enable-static --enable-libatomic --enable-threads=posix --enable-graphite --enable-fully-dynamic-string --enable-libstdcxx-filesystem-ts=yes --enable-libstdcxx-time=yes --disable-libstdcxx-pch --disable-libstdcxx-debug --disable-isl-version-check --enable-lto --enable-libgomp --disable-multilib --enable-checking=release --disable-rpath --disable-win32-registry --disable-nls --disable-werror --disable-symvers --with-libiconv --with-system-zlib --with-gmp=/mingw64 --with-mpfr=/mingw64 --with-mpc=/mingw64 --with-isl=/mingw64 --with-pkgversion='Rev3, Built by MSYS2 project' --with-bugurl=https://sourceforge.net/projects/msys2 --with-gnu-as --with-gnu-ld
Thread model: posix
gcc version 8.2.0 (Rev3, Built by MSYS2 project) 
configure:4267: $? = 0
configure:4256: g++ -V >&5
g++.exe: error: unrecognized command line option '-V'
g++.exe: fatal error: no input files
compilation terminated.
configure:4267: $? = 1
configure:4256: g++ -qversion >&5
g++.exe: error: unrecognized command line option '-qversion'; did you mean '--version'?
g++.exe: fatal error: no input files
compilation terminated.
configure:4267: $? = 1
configure:4271: checking whether we are using the GNU C++ compiler
configure:4290: g++ -c   conftest.cpp >&5
configure:4290: $? = 0
configure:4299: result: yes
configure:4308: checking whether g++ accepts -g
configure:4328: g++ -c -g  conftest.cpp >&5
configure:4328: $? = 0
configure:4369: result: yes
configure:4394: checking dependency style of g++
configure:4505: result: gcc3
configure:4563: checking for ranlib
configure:4579: found /mingw64/bin/ranlib
configure:4590: result: ranlib
configure:4662: checking for ar
configure:4678: found /mingw64/bin/ar
configure:4689: result: ar
configure:4715: checking the archiver (ar) interface
configure:4731: gcc -c -g -O2  conftest.c >&5
configure:4731: $? = 0
configure:4733: ar cru libconftest.a conftest.o >&5
configure:4736: $? = 0
configure:4764: result: ar
configure:4844: checking for pkg-config
configure:4862: found /mingw64/bin/pkg-config
configure:4874: result: /mingw64/bin/pkg-config
configure:4899: checking pkg-config is at least version 0.9.0
configure:4902: result: yes
configure:4912: checking for libpng
configure:4919: $PKG_CONFIG --exists --print-errors "libpng"
configure:4922: $? = 0
configure:4936: $PKG_CONFIG --exists --print-errors "libpng"
configure:4939: $? = 0
configure:4997: result: yes
configure:5003: checking for glib-2.0
configure:5010: $PKG_CONFIG --exists --print-errors "glib-2.0"
configure:5013: $? = 0
configure:5027: $PKG_CONFIG --exists --print-errors "glib-2.0"
configure:5030: $? = 0
configure:5088: result: yes
configure:5094: checking for poppler
configure:5101: $PKG_CONFIG --exists --print-errors "poppler"
configure:5104: $? = 0
configure:5118: $PKG_CONFIG --exists --print-errors "poppler"
configure:5121: $? = 0
configure:5179: result: yes
configure:5185: checking for poppler-glib >= 0.16.0
configure:5192: $PKG_CONFIG --exists --print-errors "poppler-glib >= 0.16.0"
configure:5195: $? = 0
configure:5209: $PKG_CONFIG --exists --print-errors "poppler-glib >= 0.16.0"
configure:5212: $? = 0
configure:5270: result: yes
configure:5275: $PKG_CONFIG --exists --print-errors "poppler-glib >= 0.19.4"
configure:5278: $? = 0
configure:5283: $PKG_CONFIG --exists --print-errors "poppler-glib >= 0.22"
configure:5286: $? = 0
configure:5291: $PKG_CONFIG --exists --print-errors "poppler-glib >= 0.26"
configure:5294: $? = 0
configure:5300: checking for zlib
configure:5307: $PKG_CONFIG --exists --print-errors "zlib"
configure:5310: $? = 0
configure:5324: $PKG_CONFIG --exists --print-errors "zlib"
configure:5327: $? = 0
configure:5385: result: yes
configure:5405: gcc -c -g -O2  conftest.c >&5
configure:5405: $? = 0
configure:5497: checking whether C++ compiler accepts -std=c++11
configure:5516: g++ -c -g -O2  -std=c++11 -IC:/msys64/mingw64/include/poppler conftest.cpp >&5
configure:5516: $? = 0
configure:5524: result: yes
configure:5542: checking how to run the C++ preprocessor
configure:5569: g++ -E -IC:/msys64/mingw64/include/poppler conftest.cpp
configure:5569: $? = 0
configure:5583: g++ -E -IC:/msys64/mingw64/include/poppler conftest.cpp
conftest.cpp:11:10: fatal error: ac_nonexistent.h: No such file or directory
 #include <ac_nonexistent.h>
          ^~~~~~~~~~~~~~~~~~
compilation terminated.
configure:5583: $? = 1
configure: failed program was:
| /* confdefs.h */
| #define PACKAGE_NAME "epdfinfo"
| #define PACKAGE_TARNAME "epdfinfo"
| #define PACKAGE_VERSION "0.90"
| #define PACKAGE_STRING "epdfinfo 0.90"
| #define PACKAGE_BUGREPORT "politza@fh-trier.de"
| #define PACKAGE_URL ""
| #define PACKAGE "epdfinfo"
| #define VERSION "0.90"
| /* end confdefs.h.  */
| #include <ac_nonexistent.h>
configure:5608: result: g++ -E
configure:5628: g++ -E -IC:/msys64/mingw64/include/poppler conftest.cpp
configure:5628: $? = 0
configure:5642: g++ -E -IC:/msys64/mingw64/include/poppler conftest.cpp
conftest.cpp:11:10: fatal error: ac_nonexistent.h: No such file or directory
 #include <ac_nonexistent.h>
          ^~~~~~~~~~~~~~~~~~
compilation terminated.
configure:5642: $? = 1
configure: failed program was:
| /* confdefs.h */
| #define PACKAGE_NAME "epdfinfo"
| #define PACKAGE_TARNAME "epdfinfo"
| #define PACKAGE_VERSION "0.90"
| #define PACKAGE_STRING "epdfinfo 0.90"
| #define PACKAGE_BUGREPORT "politza@fh-trier.de"
| #define PACKAGE_URL ""
| #define PACKAGE "epdfinfo"
| #define VERSION "0.90"
| /* end confdefs.h.  */
| #include <ac_nonexistent.h>
configure:5671: checking for grep that handles long lines and -e
configure:5729: result: /usr/bin/grep
configure:5734: checking for egrep
configure:5796: result: /usr/bin/grep -E
configure:5801: checking for ANSI C header files
configure:5821: g++ -c -std=c++11 -g -O2 -IC:/msys64/mingw64/include/poppler conftest.cpp >&5
configure:5821: $? = 0
configure:5894: g++ -o conftest.exe -std=c++11 -g -O2 -IC:/msys64/mingw64/include/poppler  conftest.cpp  >&5
configure:5894: $? = 0
configure:5894: ./conftest.exe
configure:5894: $? = 0
configure:5905: result: yes
configure:5918: checking for sys/types.h
configure:5918: g++ -c -std=c++11 -g -O2 -IC:/msys64/mingw64/include/poppler conftest.cpp >&5
configure:5918: $? = 0
configure:5918: result: yes
configure:5918: checking for sys/stat.h
configure:5918: g++ -c -std=c++11 -g -O2 -IC:/msys64/mingw64/include/poppler conftest.cpp >&5
configure:5918: $? = 0
configure:5918: result: yes
configure:5918: checking for stdlib.h
configure:5918: g++ -c -std=c++11 -g -O2 -IC:/msys64/mingw64/include/poppler conftest.cpp >&5
configure:5918: $? = 0
configure:5918: result: yes
configure:5918: checking for string.h
configure:5918: g++ -c -std=c++11 -g -O2 -IC:/msys64/mingw64/include/poppler conftest.cpp >&5
configure:5918: $? = 0
configure:5918: result: yes
configure:5918: checking for memory.h
configure:5918: g++ -c -std=c++11 -g -O2 -IC:/msys64/mingw64/include/poppler conftest.cpp >&5
configure:5918: $? = 0
configure:5918: result: yes
configure:5918: checking for strings.h
configure:5918: g++ -c -std=c++11 -g -O2 -IC:/msys64/mingw64/include/poppler conftest.cpp >&5
configure:5918: $? = 0
configure:5918: result: yes
configure:5918: checking for inttypes.h
configure:5918: g++ -c -std=c++11 -g -O2 -IC:/msys64/mingw64/include/poppler conftest.cpp >&5
configure:5918: $? = 0
configure:5918: result: yes
configure:5918: checking for stdint.h
configure:5918: g++ -c -std=c++11 -g -O2 -IC:/msys64/mingw64/include/poppler conftest.cpp >&5
configure:5918: $? = 0
configure:5918: result: yes
configure:5918: checking for unistd.h
configure:5918: g++ -c -std=c++11 -g -O2 -IC:/msys64/mingw64/include/poppler conftest.cpp >&5
configure:5918: $? = 0
configure:5918: result: yes
configure:5933: checking Annot.h usability
configure:5933: g++ -c -std=c++11 -g -O2 -IC:/msys64/mingw64/include/poppler conftest.cpp >&5
configure:5933: $? = 0
configure:5933: result: yes
configure:5933: checking Annot.h presence
configure:5933: g++ -E -IC:/msys64/mingw64/include/poppler conftest.cpp
configure:5933: $? = 0
configure:5933: result: yes
configure:5933: checking for Annot.h
configure:5933: result: yes
configure:5933: checking PDFDocEncoding.h usability
configure:5933: g++ -c -std=c++11 -g -O2 -IC:/msys64/mingw64/include/poppler conftest.cpp >&5
configure:5933: $? = 0
configure:5933: result: yes
configure:5933: checking PDFDocEncoding.h presence
configure:5933: g++ -E -IC:/msys64/mingw64/include/poppler conftest.cpp
configure:5933: $? = 0
configure:5933: result: yes
configure:5933: checking for PDFDocEncoding.h
configure:5933: result: yes
configure:5976: checking build system type
configure:5990: result: x86_64-w64-mingw32
configure:6010: checking host system type
configure:6023: result: x86_64-w64-mingw32
configure:6049: checking how to run the C preprocessor
configure:6080: gcc -E  conftest.c
configure:6080: $? = 0
configure:6094: gcc -E  conftest.c
conftest.c:26:10: fatal error: ac_nonexistent.h: No such file or directory
 #include <ac_nonexistent.h>
          ^~~~~~~~~~~~~~~~~~
compilation terminated.
configure:6094: $? = 1
configure: failed program was:
| /* confdefs.h */
| #define PACKAGE_NAME "epdfinfo"
| #define PACKAGE_TARNAME "epdfinfo"
| #define PACKAGE_VERSION "0.90"
| #define PACKAGE_STRING "epdfinfo 0.90"
| #define PACKAGE_BUGREPORT "politza@fh-trier.de"
| #define PACKAGE_URL ""
| #define PACKAGE "epdfinfo"
| #define VERSION "0.90"
| #define STDC_HEADERS 1
| #define HAVE_SYS_TYPES_H 1
| #define HAVE_SYS_STAT_H 1
| #define HAVE_STDLIB_H 1
| #define HAVE_STRING_H 1
| #define HAVE_MEMORY_H 1
| #define HAVE_STRINGS_H 1
| #define HAVE_INTTYPES_H 1
| #define HAVE_STDINT_H 1
| #define HAVE_UNISTD_H 1
| #define HAVE_ANNOT_H 1
| #define HAVE_PDFDOCENCODING_H 1
| #define HAVE_POPPLER_FIND_OPTS 1
| #define HAVE_POPPLER_ANNOT_WRITE 1
| #define HAVE_POPPLER_ANNOT_MARKUP 1
| /* end confdefs.h.  */
| #include <ac_nonexistent.h>
configure:6119: result: gcc -E
configure:6139: gcc -E  conftest.c
configure:6139: $? = 0
configure:6153: gcc -E  conftest.c
conftest.c:26:10: fatal error: ac_nonexistent.h: No such file or directory
 #include <ac_nonexistent.h>
          ^~~~~~~~~~~~~~~~~~
compilation terminated.
configure:6153: $? = 1
configure: failed program was:
| /* confdefs.h */
| #define PACKAGE_NAME "epdfinfo"
| #define PACKAGE_TARNAME "epdfinfo"
| #define PACKAGE_VERSION "0.90"
| #define PACKAGE_STRING "epdfinfo 0.90"
| #define PACKAGE_BUGREPORT "politza@fh-trier.de"
| #define PACKAGE_URL ""
| #define PACKAGE "epdfinfo"
| #define VERSION "0.90"
| #define STDC_HEADERS 1
| #define HAVE_SYS_TYPES_H 1
| #define HAVE_SYS_STAT_H 1
| #define HAVE_STDLIB_H 1
| #define HAVE_STRING_H 1
| #define HAVE_MEMORY_H 1
| #define HAVE_STRINGS_H 1
| #define HAVE_INTTYPES_H 1
| #define HAVE_STDINT_H 1
| #define HAVE_UNISTD_H 1
| #define HAVE_ANNOT_H 1
| #define HAVE_PDFDOCENCODING_H 1
| #define HAVE_POPPLER_FIND_OPTS 1
| #define HAVE_POPPLER_ANNOT_WRITE 1
| #define HAVE_POPPLER_ANNOT_MARKUP 1
| /* end confdefs.h.  */
| #include <ac_nonexistent.h>
configure:6185: checking for stdlib.h
configure:6185: result: yes
configure:6185: checking for string.h
configure:6185: result: yes
configure:6185: checking for strings.h
configure:6185: result: yes
configure:6185: checking err.h usability
configure:6185: gcc -c -D__USE_MINGW_ANSI_STDIO=1 -g -O2  conftest.c >&5
conftest.c:62:10: fatal error: err.h: No such file or directory
 #include <err.h>
          ^~~~~~~
compilation terminated.
configure:6185: $? = 1
configure: failed program was:
| /* confdefs.h */
| #define PACKAGE_NAME "epdfinfo"
| #define PACKAGE_TARNAME "epdfinfo"
| #define PACKAGE_VERSION "0.90"
| #define PACKAGE_STRING "epdfinfo 0.90"
| #define PACKAGE_BUGREPORT "politza@fh-trier.de"
| #define PACKAGE_URL ""
| #define PACKAGE "epdfinfo"
| #define VERSION "0.90"
| #define STDC_HEADERS 1
| #define HAVE_SYS_TYPES_H 1
| #define HAVE_SYS_STAT_H 1
| #define HAVE_STDLIB_H 1
| #define HAVE_STRING_H 1
| #define HAVE_MEMORY_H 1
| #define HAVE_STRINGS_H 1
| #define HAVE_INTTYPES_H 1
| #define HAVE_STDINT_H 1
| #define HAVE_UNISTD_H 1
| #define HAVE_ANNOT_H 1
| #define HAVE_PDFDOCENCODING_H 1
| #define HAVE_POPPLER_FIND_OPTS 1
| #define HAVE_POPPLER_ANNOT_WRITE 1
| #define HAVE_POPPLER_ANNOT_MARKUP 1
| #define HAVE_STDLIB_H 1
| #define HAVE_STRING_H 1
| #define HAVE_STRINGS_H 1
| /* end confdefs.h.  */
| #include <stdio.h>
| #ifdef HAVE_SYS_TYPES_H
| # include <sys/types.h>
| #endif
| #ifdef HAVE_SYS_STAT_H
| # include <sys/stat.h>
| #endif
| #ifdef STDC_HEADERS
| # include <stdlib.h>
| # include <stddef.h>
| #else
| # ifdef HAVE_STDLIB_H
| #  include <stdlib.h>
| # endif
| #endif
| #ifdef HAVE_STRING_H
| # if !defined STDC_HEADERS && defined HAVE_MEMORY_H
| #  include <memory.h>
| # endif
| # include <string.h>
| #endif
| #ifdef HAVE_STRINGS_H
| # include <strings.h>
| #endif
| #ifdef HAVE_INTTYPES_H
| # include <inttypes.h>
| #endif
| #ifdef HAVE_STDINT_H
| # include <stdint.h>
| #endif
| #ifdef HAVE_UNISTD_H
| # include <unistd.h>
| #endif
| #include <err.h>
configure:6185: result: no
configure:6185: checking err.h presence
configure:6185: gcc -E  conftest.c
conftest.c:29:10: fatal error: err.h: No such file or directory
 #include <err.h>
          ^~~~~~~
compilation terminated.
configure:6185: $? = 1
configure: failed program was:
| /* confdefs.h */
| #define PACKAGE_NAME "epdfinfo"
| #define PACKAGE_TARNAME "epdfinfo"
| #define PACKAGE_VERSION "0.90"
| #define PACKAGE_STRING "epdfinfo 0.90"
| #define PACKAGE_BUGREPORT "politza@fh-trier.de"
| #define PACKAGE_URL ""
| #define PACKAGE "epdfinfo"
| #define VERSION "0.90"
| #define STDC_HEADERS 1
| #define HAVE_SYS_TYPES_H 1
| #define HAVE_SYS_STAT_H 1
| #define HAVE_STDLIB_H 1
| #define HAVE_STRING_H 1
| #define HAVE_MEMORY_H 1
| #define HAVE_STRINGS_H 1
| #define HAVE_INTTYPES_H 1
| #define HAVE_STDINT_H 1
| #define HAVE_UNISTD_H 1
| #define HAVE_ANNOT_H 1
| #define HAVE_PDFDOCENCODING_H 1
| #define HAVE_POPPLER_FIND_OPTS 1
| #define HAVE_POPPLER_ANNOT_WRITE 1
| #define HAVE_POPPLER_ANNOT_MARKUP 1
| #define HAVE_STDLIB_H 1
| #define HAVE_STRING_H 1
| #define HAVE_STRINGS_H 1
| /* end confdefs.h.  */
| #include <err.h>
configure:6185: result: no
configure:6185: checking for err.h
configure:6185: result: no
configure:6196: checking for error.h
configure:6219: gcc -c -IC:/msys64/mingw64/include/poppler -mms-bitfields -IC:/msys64/mingw64/include/poppler/glib -IC:/msys64/mingw64/include/poppler -IC:/msys64/mingw64/include/cairo -IC:/msys64/mingw64/include -IC:/msys64/mingw64/lib/libffi-3.2.1/include -IC:/msys64/mingw64/include/pixman-1 -IC:/msys64/mingw64/include -IC:/msys64/mingw64/include/freetype2 -IC:/msys64/mingw64/include -IC:/msys64/mingw64/include/harfbuzz -IC:/msys64/mingw64/include/glib-2.0 -IC:/msys64/mingw64/lib/glib-2.0/include -IC:/msys64/mingw64/include -IC:/msys64/mingw64/include/libpng16 -IC:/msys64/mingw64/include  conftest.c >&5
In file included from C:/msys64/mingw64/include/poppler/error.h:36,
                 from conftest.c:30:
C:/msys64/mingw64/include/poppler/goo/gtypes.h:34:9: error: unknown type name 'bool'
 typedef bool GBool;
         ^~~~
In file included from C:/msys64/mingw64/include/poppler/error.h:37,
                 from conftest.c:30:
C:/msys64/mingw64/include/poppler/goo/GooString.h:42:10: fatal error: string: No such file or directory
 #include <string>
          ^~~~~~~~
compilation terminated.
configure:6219: $? = 1
configure: failed program was:
| /* confdefs.h */
| #define PACKAGE_NAME "epdfinfo"
| #define PACKAGE_TARNAME "epdfinfo"
| #define PACKAGE_VERSION "0.90"
| #define PACKAGE_STRING "epdfinfo 0.90"
| #define PACKAGE_BUGREPORT "politza@fh-trier.de"
| #define PACKAGE_URL ""
| #define PACKAGE "epdfinfo"
| #define VERSION "0.90"
| #define STDC_HEADERS 1
| #define HAVE_SYS_TYPES_H 1
| #define HAVE_SYS_STAT_H 1
| #define HAVE_STDLIB_H 1
| #define HAVE_STRING_H 1
| #define HAVE_MEMORY_H 1
| #define HAVE_STRINGS_H 1
| #define HAVE_INTTYPES_H 1
| #define HAVE_STDINT_H 1
| #define HAVE_UNISTD_H 1
| #define HAVE_ANNOT_H 1
| #define HAVE_PDFDOCENCODING_H 1
| #define HAVE_POPPLER_FIND_OPTS 1
| #define HAVE_POPPLER_ANNOT_WRITE 1
| #define HAVE_POPPLER_ANNOT_MARKUP 1
| #define HAVE_STDLIB_H 1
| #define HAVE_STRING_H 1
| #define HAVE_STRINGS_H 1
| /* end confdefs.h.  */
| 
|         #include <error.h>
| 
| int
| main ()
| {
| error (0, 0, "");
|   ;
|   return 0;
| }
configure:6226: result: no
configure:6239: checking for size_t
configure:6239: gcc -c -D__USE_MINGW_ANSI_STDIO=1 -g -O2  conftest.c >&5
configure:6239: $? = 0
configure:6239: gcc -c -D__USE_MINGW_ANSI_STDIO=1 -g -O2  conftest.c >&5
conftest.c: In function 'main':
conftest.c:65:21: error: expected expression before ')' token
 if (sizeof ((size_t)))
                     ^
configure:6239: $? = 1
configure: failed program was:
| /* confdefs.h */
| #define PACKAGE_NAME "epdfinfo"
| #define PACKAGE_TARNAME "epdfinfo"
| #define PACKAGE_VERSION "0.90"
| #define PACKAGE_STRING "epdfinfo 0.90"
| #define PACKAGE_BUGREPORT "politza@fh-trier.de"
| #define PACKAGE_URL ""
| #define PACKAGE "epdfinfo"
| #define VERSION "0.90"
| #define STDC_HEADERS 1
| #define HAVE_SYS_TYPES_H 1
| #define HAVE_SYS_STAT_H 1
| #define HAVE_STDLIB_H 1
| #define HAVE_STRING_H 1
| #define HAVE_MEMORY_H 1
| #define HAVE_STRINGS_H 1
| #define HAVE_INTTYPES_H 1
| #define HAVE_STDINT_H 1
| #define HAVE_UNISTD_H 1
| #define HAVE_ANNOT_H 1
| #define HAVE_PDFDOCENCODING_H 1
| #define HAVE_POPPLER_FIND_OPTS 1
| #define HAVE_POPPLER_ANNOT_WRITE 1
| #define HAVE_POPPLER_ANNOT_MARKUP 1
| #define HAVE_STDLIB_H 1
| #define HAVE_STRING_H 1
| #define HAVE_STRINGS_H 1
| /* end confdefs.h.  */
| #include <stdio.h>
| #ifdef HAVE_SYS_TYPES_H
| # include <sys/types.h>
| #endif
| #ifdef HAVE_SYS_STAT_H
| # include <sys/stat.h>
| #endif
| #ifdef STDC_HEADERS
| # include <stdlib.h>
| # include <stddef.h>
| #else
| # ifdef HAVE_STDLIB_H
| #  include <stdlib.h>
| # endif
| #endif
| #ifdef HAVE_STRING_H
| # if !defined STDC_HEADERS && defined HAVE_MEMORY_H
| #  include <memory.h>
| # endif
| # include <string.h>
| #endif
| #ifdef HAVE_STRINGS_H
| # include <strings.h>
| #endif
| #ifdef HAVE_INTTYPES_H
| # include <inttypes.h>
| #endif
| #ifdef HAVE_STDINT_H
| # include <stdint.h>
| #endif
| #ifdef HAVE_UNISTD_H
| # include <unistd.h>
| #endif
| int
| main ()
| {
| if (sizeof ((size_t)))
| 	    return 0;
|   ;
|   return 0;
| }
configure:6239: result: yes
configure:6250: checking for ssize_t
configure:6250: gcc -c -D__USE_MINGW_ANSI_STDIO=1 -g -O2  conftest.c >&5
configure:6250: $? = 0
configure:6250: gcc -c -D__USE_MINGW_ANSI_STDIO=1 -g -O2  conftest.c >&5
conftest.c: In function 'main':
conftest.c:65:22: error: expected expression before ')' token
 if (sizeof ((ssize_t)))
                      ^
configure:6250: $? = 1
configure: failed program was:
| /* confdefs.h */
| #define PACKAGE_NAME "epdfinfo"
| #define PACKAGE_TARNAME "epdfinfo"
| #define PACKAGE_VERSION "0.90"
| #define PACKAGE_STRING "epdfinfo 0.90"
| #define PACKAGE_BUGREPORT "politza@fh-trier.de"
| #define PACKAGE_URL ""
| #define PACKAGE "epdfinfo"
| #define VERSION "0.90"
| #define STDC_HEADERS 1
| #define HAVE_SYS_TYPES_H 1
| #define HAVE_SYS_STAT_H 1
| #define HAVE_STDLIB_H 1
| #define HAVE_STRING_H 1
| #define HAVE_MEMORY_H 1
| #define HAVE_STRINGS_H 1
| #define HAVE_INTTYPES_H 1
| #define HAVE_STDINT_H 1
| #define HAVE_UNISTD_H 1
| #define HAVE_ANNOT_H 1
| #define HAVE_PDFDOCENCODING_H 1
| #define HAVE_POPPLER_FIND_OPTS 1
| #define HAVE_POPPLER_ANNOT_WRITE 1
| #define HAVE_POPPLER_ANNOT_MARKUP 1
| #define HAVE_STDLIB_H 1
| #define HAVE_STRING_H 1
| #define HAVE_STRINGS_H 1
| /* end confdefs.h.  */
| #include <stdio.h>
| #ifdef HAVE_SYS_TYPES_H
| # include <sys/types.h>
| #endif
| #ifdef HAVE_SYS_STAT_H
| # include <sys/stat.h>
| #endif
| #ifdef STDC_HEADERS
| # include <stdlib.h>
| # include <stddef.h>
| #else
| # ifdef HAVE_STDLIB_H
| #  include <stdlib.h>
| # endif
| #endif
| #ifdef HAVE_STRING_H
| # if !defined STDC_HEADERS && defined HAVE_MEMORY_H
| #  include <memory.h>
| # endif
| # include <string.h>
| #endif
| #ifdef HAVE_STRINGS_H
| # include <strings.h>
| #endif
| #ifdef HAVE_INTTYPES_H
| # include <inttypes.h>
| #endif
| #ifdef HAVE_STDINT_H
| # include <stdint.h>
| #endif
| #ifdef HAVE_UNISTD_H
| # include <unistd.h>
| #endif
| int
| main ()
| {
| if (sizeof ((ssize_t)))
| 	    return 0;
|   ;
|   return 0;
| }
configure:6250: result: yes
configure:6261: checking for ptrdiff_t
configure:6261: gcc -c -D__USE_MINGW_ANSI_STDIO=1 -g -O2  conftest.c >&5
configure:6261: $? = 0
configure:6261: gcc -c -D__USE_MINGW_ANSI_STDIO=1 -g -O2  conftest.c >&5
conftest.c: In function 'main':
conftest.c:65:24: error: expected expression before ')' token
 if (sizeof ((ptrdiff_t)))
                        ^
configure:6261: $? = 1
configure: failed program was:
| /* confdefs.h */
| #define PACKAGE_NAME "epdfinfo"
| #define PACKAGE_TARNAME "epdfinfo"
| #define PACKAGE_VERSION "0.90"
| #define PACKAGE_STRING "epdfinfo 0.90"
| #define PACKAGE_BUGREPORT "politza@fh-trier.de"
| #define PACKAGE_URL ""
| #define PACKAGE "epdfinfo"
| #define VERSION "0.90"
| #define STDC_HEADERS 1
| #define HAVE_SYS_TYPES_H 1
| #define HAVE_SYS_STAT_H 1
| #define HAVE_STDLIB_H 1
| #define HAVE_STRING_H 1
| #define HAVE_MEMORY_H 1
| #define HAVE_STRINGS_H 1
| #define HAVE_INTTYPES_H 1
| #define HAVE_STDINT_H 1
| #define HAVE_UNISTD_H 1
| #define HAVE_ANNOT_H 1
| #define HAVE_PDFDOCENCODING_H 1
| #define HAVE_POPPLER_FIND_OPTS 1
| #define HAVE_POPPLER_ANNOT_WRITE 1
| #define HAVE_POPPLER_ANNOT_MARKUP 1
| #define HAVE_STDLIB_H 1
| #define HAVE_STRING_H 1
| #define HAVE_STRINGS_H 1
| /* end confdefs.h.  */
| #include <stdio.h>
| #ifdef HAVE_SYS_TYPES_H
| # include <sys/types.h>
| #endif
| #ifdef HAVE_SYS_STAT_H
| # include <sys/stat.h>
| #endif
| #ifdef STDC_HEADERS
| # include <stdlib.h>
| # include <stddef.h>
| #else
| # ifdef HAVE_STDLIB_H
| #  include <stdlib.h>
| # endif
| #endif
| #ifdef HAVE_STRING_H
| # if !defined STDC_HEADERS && defined HAVE_MEMORY_H
| #  include <memory.h>
| # endif
| # include <string.h>
| #endif
| #ifdef HAVE_STRINGS_H
| # include <strings.h>
| #endif
| #ifdef HAVE_INTTYPES_H
| # include <inttypes.h>
| #endif
| #ifdef HAVE_STDINT_H
| # include <stdint.h>
| #endif
| #ifdef HAVE_UNISTD_H
| # include <unistd.h>
| #endif
| int
| main ()
| {
| if (sizeof ((ptrdiff_t)))
| 	    return 0;
|   ;
|   return 0;
| }
configure:6261: result: yes
configure:6271: checking whether byte ordering is bigendian
configure:6286: gcc -c -D__USE_MINGW_ANSI_STDIO=1 -g -O2  conftest.c >&5
conftest.c:31:9: error: unknown type name 'not'
         not a universal capable compiler
         ^~~
conftest.c:31:15: error: expected '=', ',', ';', 'asm' or '__attribute__' before 'universal'
         not a universal capable compiler
               ^~~~~~~~~
conftest.c:31:15: error: unknown type name 'universal'
configure:6286: $? = 1
configure: failed program was:
| /* confdefs.h */
| #define PACKAGE_NAME "epdfinfo"
| #define PACKAGE_TARNAME "epdfinfo"
| #define PACKAGE_VERSION "0.90"
| #define PACKAGE_STRING "epdfinfo 0.90"
| #define PACKAGE_BUGREPORT "politza@fh-trier.de"
| #define PACKAGE_URL ""
| #define PACKAGE "epdfinfo"
| #define VERSION "0.90"
| #define STDC_HEADERS 1
| #define HAVE_SYS_TYPES_H 1
| #define HAVE_SYS_STAT_H 1
| #define HAVE_STDLIB_H 1
| #define HAVE_STRING_H 1
| #define HAVE_MEMORY_H 1
| #define HAVE_STRINGS_H 1
| #define HAVE_INTTYPES_H 1
| #define HAVE_STDINT_H 1
| #define HAVE_UNISTD_H 1
| #define HAVE_ANNOT_H 1
| #define HAVE_PDFDOCENCODING_H 1
| #define HAVE_POPPLER_FIND_OPTS 1
| #define HAVE_POPPLER_ANNOT_WRITE 1
| #define HAVE_POPPLER_ANNOT_MARKUP 1
| #define HAVE_STDLIB_H 1
| #define HAVE_STRING_H 1
| #define HAVE_STRINGS_H 1
| #define HAVE_PTRDIFF_T 1
| /* end confdefs.h.  */
| #ifndef __APPLE_CC__
| 	       not a universal capable compiler
| 	     #endif
| 	     typedef int dummy;
| 
configure:6331: gcc -c -D__USE_MINGW_ANSI_STDIO=1 -g -O2  conftest.c >&5
configure:6331: $? = 0
configure:6349: gcc -c -D__USE_MINGW_ANSI_STDIO=1 -g -O2  conftest.c >&5
conftest.c: In function 'main':
conftest.c:37:4: error: unknown type name 'not'; did you mean 'ino_t'?
    not big endian
    ^~~
    ino_t
conftest.c:37:12: error: expected '=', ',', ';', 'asm' or '__attribute__' before 'endian'
    not big endian
            ^~~~~~
configure:6349: $? = 1
configure: failed program was:
| /* confdefs.h */
| #define PACKAGE_NAME "epdfinfo"
| #define PACKAGE_TARNAME "epdfinfo"
| #define PACKAGE_VERSION "0.90"
| #define PACKAGE_STRING "epdfinfo 0.90"
| #define PACKAGE_BUGREPORT "politza@fh-trier.de"
| #define PACKAGE_URL ""
| #define PACKAGE "epdfinfo"
| #define VERSION "0.90"
| #define STDC_HEADERS 1
| #define HAVE_SYS_TYPES_H 1
| #define HAVE_SYS_STAT_H 1
| #define HAVE_STDLIB_H 1
| #define HAVE_STRING_H 1
| #define HAVE_MEMORY_H 1
| #define HAVE_STRINGS_H 1
| #define HAVE_INTTYPES_H 1
| #define HAVE_STDINT_H 1
| #define HAVE_UNISTD_H 1
| #define HAVE_ANNOT_H 1
| #define HAVE_PDFDOCENCODING_H 1
| #define HAVE_POPPLER_FIND_OPTS 1
| #define HAVE_POPPLER_ANNOT_WRITE 1
| #define HAVE_POPPLER_ANNOT_MARKUP 1
| #define HAVE_STDLIB_H 1
| #define HAVE_STRING_H 1
| #define HAVE_STRINGS_H 1
| #define HAVE_PTRDIFF_T 1
| /* end confdefs.h.  */
| #include <sys/types.h>
| 		#include <sys/param.h>
| 
| int
| main ()
| {
| #if BYTE_ORDER != BIG_ENDIAN
| 		 not big endian
| 		#endif
| 
|   ;
|   return 0;
| }
configure:6477: result: no
configure:6497: checking for error_at_line
configure:6513: gcc -o conftest.exe -D__USE_MINGW_ANSI_STDIO=1 -g -O2   conftest.c  >&5
conftest.c: In function 'main':
conftest.c:34:1: warning: implicit declaration of function 'error_at_line' [-Wimplicit-function-declaration]
 error_at_line (0, 0, "", 0, "an error occurred");
 ^~~~~~~~~~~~~
C:\msys64\tmp\cckxrpNU.o: In function `main':
C:\Users\Nikolichnik\.emacs.d\elpa\pdf-tools-20181022.1633\build\server/conftest.c:34: undefined reference to `error_at_line'
collect2.exe: error: ld returned 1 exit status
configure:6513: $? = 1
configure: failed program was:
| /* confdefs.h */
| #define PACKAGE_NAME "epdfinfo"
| #define PACKAGE_TARNAME "epdfinfo"
| #define PACKAGE_VERSION "0.90"
| #define PACKAGE_STRING "epdfinfo 0.90"
| #define PACKAGE_BUGREPORT "politza@fh-trier.de"
| #define PACKAGE_URL ""
| #define PACKAGE "epdfinfo"
| #define VERSION "0.90"
| #define STDC_HEADERS 1
| #define HAVE_SYS_TYPES_H 1
| #define HAVE_SYS_STAT_H 1
| #define HAVE_STDLIB_H 1
| #define HAVE_STRING_H 1
| #define HAVE_MEMORY_H 1
| #define HAVE_STRINGS_H 1
| #define HAVE_INTTYPES_H 1
| #define HAVE_STDINT_H 1
| #define HAVE_UNISTD_H 1
| #define HAVE_ANNOT_H 1
| #define HAVE_PDFDOCENCODING_H 1
| #define HAVE_POPPLER_FIND_OPTS 1
| #define HAVE_POPPLER_ANNOT_WRITE 1
| #define HAVE_POPPLER_ANNOT_MARKUP 1
| #define HAVE_STDLIB_H 1
| #define HAVE_STRING_H 1
| #define HAVE_STRINGS_H 1
| #define HAVE_PTRDIFF_T 1
| /* end confdefs.h.  */
| #include <error.h>
| int
| main ()
| {
| error_at_line (0, 0, "", 0, "an error occurred");
|   ;
|   return 0;
| }
configure:6521: result: no
configure:6532: checking for working strtod
configure:6573: gcc -o conftest.exe -D__USE_MINGW_ANSI_STDIO=1 -g -O2   conftest.c  >&5
configure:6573: $? = 0
configure:6573: ./conftest.exe
configure:6573: $? = 0
configure:6583: result: yes
configure:6648: checking for strcspn
configure:6648: gcc -o conftest.exe -D__USE_MINGW_ANSI_STDIO=1 -g -O2   conftest.c  >&5
conftest.c:53:6: warning: conflicting types for built-in function 'strcspn' [-Wbuiltin-declaration-mismatch]
 char strcspn ();
      ^~~~~~~
configure:6648: $? = 0
configure:6648: result: yes
configure:6648: checking for strtol
configure:6648: gcc -o conftest.exe -D__USE_MINGW_ANSI_STDIO=1 -g -O2   conftest.c  >&5
configure:6648: $? = 0
configure:6648: result: yes
configure:6648: checking for getline
configure:6648: gcc -o conftest.exe -D__USE_MINGW_ANSI_STDIO=1 -g -O2   conftest.c  >&5
C:\msys64\tmp\ccUX3p8U.o: In function `main':
C:\Users\Nikolichnik\.emacs.d\elpa\pdf-tools-20181022.1633\build\server/conftest.c:66: undefined reference to `getline'
collect2.exe: error: ld returned 1 exit status
configure:6648: $? = 1
configure: failed program was:
| /* confdefs.h */
| #define PACKAGE_NAME "epdfinfo"
| #define PACKAGE_TARNAME "epdfinfo"
| #define PACKAGE_VERSION "0.90"
| #define PACKAGE_STRING "epdfinfo 0.90"
| #define PACKAGE_BUGREPORT "politza@fh-trier.de"
| #define PACKAGE_URL ""
| #define PACKAGE "epdfinfo"
| #define VERSION "0.90"
| #define STDC_HEADERS 1
| #define HAVE_SYS_TYPES_H 1
| #define HAVE_SYS_STAT_H 1
| #define HAVE_STDLIB_H 1
| #define HAVE_STRING_H 1
| #define HAVE_MEMORY_H 1
| #define HAVE_STRINGS_H 1
| #define HAVE_INTTYPES_H 1
| #define HAVE_STDINT_H 1
| #define HAVE_UNISTD_H 1
| #define HAVE_ANNOT_H 1
| #define HAVE_PDFDOCENCODING_H 1
| #define HAVE_POPPLER_FIND_OPTS 1
| #define HAVE_POPPLER_ANNOT_WRITE 1
| #define HAVE_POPPLER_ANNOT_MARKUP 1
| #define HAVE_STDLIB_H 1
| #define HAVE_STRING_H 1
| #define HAVE_STRINGS_H 1
| #define HAVE_PTRDIFF_T 1
| #define HAVE_STRCSPN 1
| #define HAVE_STRTOL 1
| /* end confdefs.h.  */
| /* Define getline to an innocuous variant, in case <limits.h> declares getline.
|    For example, HP-UX 11i <limits.h> declares gettimeofday.  */
| #define getline innocuous_getline
| 
| /* System header to define __stub macros and hopefully few prototypes,
|     which can conflict with char getline (); below.
|     Prefer <limits.h> to <assert.h> if __STDC__ is defined, since
|     <limits.h> exists even on freestanding compilers.  */
| 
| #ifdef __STDC__
| # include <limits.h>
| #else
| # include <assert.h>
| #endif
| 
| #undef getline
| 
| /* Override any GCC internal prototype to avoid an error.
|    Use char because int might match the return type of a GCC
|    builtin and then its argument prototype would still apply.  */
| #ifdef __cplusplus
| extern "C"
| #endif
| char getline ();
| /* The GNU C library defines this for functions which it implements
|     to always fail with ENOSYS.  Some functions are actually named
|     something starting with __ and the normal name is an alias.  */
| #if defined __stub_getline || defined __stub___getline
| choke me
| #endif
| 
| int
| main ()
| {
| return getline ();
|   ;
|   return 0;
| }
configure:6648: result: no
configure:6769: checking that generated files are newer than configure
configure:6775: result: done
configure:6807: creating ./config.status

## ---------------------- ##
## Running config.status. ##
## ---------------------- ##

This file was extended by epdfinfo config.status 0.90, which was
generated by GNU Autoconf 2.69.  Invocation command line was

  CONFIG_FILES    = 
  CONFIG_HEADERS  = 
  CONFIG_LINKS    = 
  CONFIG_COMMANDS = 
  $ ./config.status --quiet

on blueboxxx230t

config.status:900: creating Makefile
config.status:900: creating config.h
config.status:1129: executing depfiles commands
config.status:1206: cd .       && sed -e '/# am--include-marker/d' Makefile         | make -f - am--depfiles
config.status:1211: $? = 0

## ---------------- ##
## Cache variables. ##
## ---------------- ##

ac_cv_build=x86_64-w64-mingw32
ac_cv_c_bigendian=no
ac_cv_c_compiler_gnu=yes
ac_cv_cxx_compiler_gnu=yes
ac_cv_env_CCC_set=
ac_cv_env_CCC_value=
ac_cv_env_CC_set=
ac_cv_env_CC_value=
ac_cv_env_CFLAGS_set=
ac_cv_env_CFLAGS_value=
ac_cv_env_CPPFLAGS_set=
ac_cv_env_CPPFLAGS_value=
ac_cv_env_CPP_set=
ac_cv_env_CPP_value=
ac_cv_env_CXXCPP_set=
ac_cv_env_CXXCPP_value=
ac_cv_env_CXXFLAGS_set=
ac_cv_env_CXXFLAGS_value=
ac_cv_env_CXX_set=
ac_cv_env_CXX_value=
ac_cv_env_LDFLAGS_set=
ac_cv_env_LDFLAGS_value=
ac_cv_env_LIBS_set=
ac_cv_env_LIBS_value=
ac_cv_env_PKG_CONFIG_LIBDIR_set=
ac_cv_env_PKG_CONFIG_LIBDIR_value=
ac_cv_env_PKG_CONFIG_PATH_set=set
ac_cv_env_PKG_CONFIG_PATH_value=/mingw64/lib/pkgconfig:/mingw64/share/pkgconfig
ac_cv_env_PKG_CONFIG_set=
ac_cv_env_PKG_CONFIG_value=
ac_cv_env_build_alias_set=
ac_cv_env_build_alias_value=
ac_cv_env_glib_CFLAGS_set=
ac_cv_env_glib_CFLAGS_value=
ac_cv_env_glib_LIBS_set=
ac_cv_env_glib_LIBS_value=
ac_cv_env_host_alias_set=
ac_cv_env_host_alias_value=
ac_cv_env_png_CFLAGS_set=
ac_cv_env_png_CFLAGS_value=
ac_cv_env_png_LIBS_set=
ac_cv_env_png_LIBS_value=
ac_cv_env_poppler_CFLAGS_set=
ac_cv_env_poppler_CFLAGS_value=
ac_cv_env_poppler_LIBS_set=
ac_cv_env_poppler_LIBS_value=
ac_cv_env_poppler_glib_CFLAGS_set=
ac_cv_env_poppler_glib_CFLAGS_value=
ac_cv_env_poppler_glib_LIBS_set=
ac_cv_env_poppler_glib_LIBS_value=
ac_cv_env_target_alias_set=
ac_cv_env_target_alias_value=
ac_cv_env_zlib_CFLAGS_set=
ac_cv_env_zlib_CFLAGS_value=
ac_cv_env_zlib_LIBS_set=
ac_cv_env_zlib_LIBS_value=
ac_cv_exeext=.exe
ac_cv_func_getline=no
ac_cv_func_strcspn=yes
ac_cv_func_strtod=yes
ac_cv_func_strtol=yes
ac_cv_header_Annot_h=yes
ac_cv_header_PDFDocEncoding_h=yes
ac_cv_header_err_h=no
ac_cv_header_inttypes_h=yes
ac_cv_header_memory_h=yes
ac_cv_header_stdc=yes
ac_cv_header_stdint_h=yes
ac_cv_header_stdlib_h=yes
ac_cv_header_string_h=yes
ac_cv_header_strings_h=yes
ac_cv_header_sys_stat_h=yes
ac_cv_header_sys_types_h=yes
ac_cv_header_unistd_h=yes
ac_cv_host=x86_64-w64-mingw32
ac_cv_lib_error_at_line=no
ac_cv_objext=o
ac_cv_path_EGREP='/usr/bin/grep -E'
ac_cv_path_GREP=/usr/bin/grep
ac_cv_path_ac_pt_PKG_CONFIG=/mingw64/bin/pkg-config
ac_cv_path_install='/usr/bin/install -c'
ac_cv_path_mkdir=/usr/bin/mkdir
ac_cv_prog_AWK=gawk
ac_cv_prog_CPP='gcc -E'
ac_cv_prog_CXXCPP='g++ -E'
ac_cv_prog_ac_ct_AR=ar
ac_cv_prog_ac_ct_CC=gcc
ac_cv_prog_ac_ct_CXX=g++
ac_cv_prog_ac_ct_RANLIB=ranlib
ac_cv_prog_cc_c89=
ac_cv_prog_cc_g=yes
ac_cv_prog_cxx_g=yes
ac_cv_prog_make_make_set=yes
ac_cv_type_ptrdiff_t=yes
ac_cv_type_size_t=yes
ac_cv_type_ssize_t=yes
am_cv_CC_dependencies_compiler_type=gcc3
am_cv_CXX_dependencies_compiler_type=gcc3
am_cv_ar_interface=ar
am_cv_make_support_nested_variables=yes
am_cv_prog_cc_c_o=yes
ax_cv_check_cxxflags___std_cpp11=yes
pkg_cv_glib_CFLAGS='-mms-bitfields -IC:/msys64/mingw64/include/glib-2.0 -IC:/msys64/mingw64/lib/glib-2.0/include -IC:/msys64/mingw64/include'
pkg_cv_glib_LIBS='-LC:/msys64/mingw64/lib -lglib-2.0 -lintl'
pkg_cv_png_CFLAGS='-IC:/msys64/mingw64/include/libpng16 -IC:/msys64/mingw64/include'
pkg_cv_png_LIBS='-LC:/msys64/mingw64/lib -lpng16 -lz'
pkg_cv_poppler_CFLAGS=-IC:/msys64/mingw64/include/poppler
pkg_cv_poppler_LIBS='-LC:/msys64/mingw64/lib -lpoppler'
pkg_cv_poppler_glib_CFLAGS='-mms-bitfields -IC:/msys64/mingw64/include/poppler/glib -IC:/msys64/mingw64/include/poppler -IC:/msys64/mingw64/include/cairo -IC:/msys64/mingw64/include -IC:/msys64/mingw64/lib/libffi-3.2.1/include -IC:/msys64/mingw64/include/pixman-1 -IC:/msys64/mingw64/include -IC:/msys64/mingw64/include/freetype2 -IC:/msys64/mingw64/include -IC:/msys64/mingw64/include/harfbuzz -IC:/msys64/mingw64/include/glib-2.0 -IC:/msys64/mingw64/lib/glib-2.0/include -IC:/msys64/mingw64/include -IC:/msys64/mingw64/include/libpng16 -IC:/msys64/mingw64/include'
pkg_cv_poppler_glib_LIBS='-LC:/msys64/mingw64/lib -lpoppler-glib -lgobject-2.0 -lglib-2.0 -lintl -lcairo'
pkg_cv_zlib_CFLAGS=-IC:/msys64/mingw64/include
pkg_cv_zlib_LIBS='-LC:/msys64/mingw64/lib -lz'

## ----------------- ##
## Output variables. ##
## ----------------- ##

ACLOCAL='${SHELL} /c/Users/Nikolichnik/.emacs.d/elpa/pdf-tools-20181022.1633/build/server/missing aclocal-1.16'
AMDEPBACKSLASH='\'
AMDEP_FALSE='#'
AMDEP_TRUE=''
AMTAR='$${TAR-tar}'
AM_BACKSLASH='\'
AM_DEFAULT_V='$(AM_DEFAULT_VERBOSITY)'
AM_DEFAULT_VERBOSITY='1'
AM_V='$(V)'
AR='ar'
AUTOCONF='${SHELL} /c/Users/Nikolichnik/.emacs.d/elpa/pdf-tools-20181022.1633/build/server/missing autoconf'
AUTOHEADER='${SHELL} /c/Users/Nikolichnik/.emacs.d/elpa/pdf-tools-20181022.1633/build/server/missing autoheader'
AUTOMAKE='${SHELL} /c/Users/Nikolichnik/.emacs.d/elpa/pdf-tools-20181022.1633/build/server/missing automake-1.16'
AWK='gawk'
CC='gcc'
CCDEPMODE='depmode=gcc3'
CFLAGS='-D__USE_MINGW_ANSI_STDIO=1 -g -O2'
CPP='gcc -E'
CPPFLAGS=''
CXX='g++'
CXXCPP='g++ -E'
CXXDEPMODE='depmode=gcc3'
CXXFLAGS='-std=c++11 -g -O2'
CYGPATH_W='cygpath -w'
DEFS='-DHAVE_CONFIG_H'
DEPDIR='.deps'
ECHO_C=''
ECHO_N='-n'
ECHO_T=''
EGREP='/usr/bin/grep -E'
EXEEXT='.exe'
GREP='/usr/bin/grep'
HAVE_W32_FALSE='#'
HAVE_W32_TRUE=''
INSTALL_DATA='${INSTALL} -m 644'
INSTALL_PROGRAM='${INSTALL}'
INSTALL_SCRIPT='${INSTALL}'
INSTALL_STRIP_PROGRAM='$(install_sh) -c -s'
LDFLAGS=''
LIBOBJS=' ${LIBOBJDIR}error$U.o'
LIBS=''
LTLIBOBJS=' ${LIBOBJDIR}error$U.lo'
MAKEINFO='${SHELL} /c/Users/Nikolichnik/.emacs.d/elpa/pdf-tools-20181022.1633/build/server/missing makeinfo'
MKDIR_P='/usr/bin/mkdir -p'
OBJEXT='o'
PACKAGE='epdfinfo'
PACKAGE_BUGREPORT='politza@fh-trier.de'
PACKAGE_NAME='epdfinfo'
PACKAGE_STRING='epdfinfo 0.90'
PACKAGE_TARNAME='epdfinfo'
PACKAGE_URL=''
PACKAGE_VERSION='0.90'
PATH_SEPARATOR=':'
PKG_CONFIG='/mingw64/bin/pkg-config'
PKG_CONFIG_LIBDIR=''
PKG_CONFIG_PATH='/mingw64/lib/pkgconfig:/mingw64/share/pkgconfig'
POW_LIB=''
RANLIB='ranlib'
SET_MAKE=''
SHELL='/bin/sh'
STRIP=''
VERSION='0.90'
ac_ct_AR='ar'
ac_ct_CC='gcc'
ac_ct_CXX='g++'
am__EXEEXT_FALSE='#'
am__EXEEXT_TRUE=''
am__fastdepCC_FALSE='#'
am__fastdepCC_TRUE=''
am__fastdepCXX_FALSE='#'
am__fastdepCXX_TRUE=''
am__include='include'
am__isrc=''
am__leading_dot='.'
am__nodep='_no'
am__quote=''
am__tar='$${TAR-tar} chof - "$$tardir"'
am__untar='$${TAR-tar} xf -'
bindir='c:/Users/Nikolichnik/.emacs.d/elpa/pdf-tools-20181022.1633'
build='x86_64-w64-mingw32'
build_alias='x86_64-w64-mingw32'
build_cpu='x86_64'
build_os='mingw32'
build_vendor='w64'
datadir='${datarootdir}'
datarootdir='${prefix}/share'
docdir='${datarootdir}/doc/${PACKAGE_TARNAME}'
dvidir='${docdir}'
exec_prefix='${prefix}'
glib_CFLAGS='-mms-bitfields -IC:/msys64/mingw64/include/glib-2.0 -IC:/msys64/mingw64/lib/glib-2.0/include -IC:/msys64/mingw64/include'
glib_LIBS='-LC:/msys64/mingw64/lib -lglib-2.0 -lintl'
host='x86_64-w64-mingw32'
host_alias=''
host_cpu='x86_64'
host_os='mingw32'
host_vendor='w64'
htmldir='${docdir}'
includedir='${prefix}/include'
infodir='${datarootdir}/info'
install_sh='${SHELL} /c/Users/Nikolichnik/.emacs.d/elpa/pdf-tools-20181022.1633/build/server/install-sh'
libdir='${exec_prefix}/lib'
libexecdir='${exec_prefix}/libexec'
localedir='${datarootdir}/locale'
localstatedir='${prefix}/var'
mandir='${datarootdir}/man'
mkdir_p='$(MKDIR_P)'
oldincludedir='/usr/include'
pdfdir='${docdir}'
png_CFLAGS='-IC:/msys64/mingw64/include/libpng16 -IC:/msys64/mingw64/include'
png_LIBS='-LC:/msys64/mingw64/lib -lpng16 -lz'
poppler_CFLAGS='-IC:/msys64/mingw64/include/poppler'
poppler_LIBS='-LC:/msys64/mingw64/lib -lpoppler'
poppler_glib_CFLAGS='-mms-bitfields -IC:/msys64/mingw64/include/poppler/glib -IC:/msys64/mingw64/include/poppler -IC:/msys64/mingw64/include/cairo -IC:/msys64/mingw64/include -IC:/msys64/mingw64/lib/libffi-3.2.1/include -IC:/msys64/mingw64/include/pixman-1 -IC:/msys64/mingw64/include -IC:/msys64/mingw64/include/freetype2 -IC:/msys64/mingw64/include -IC:/msys64/mingw64/include/harfbuzz -IC:/msys64/mingw64/include/glib-2.0 -IC:/msys64/mingw64/lib/glib-2.0/include -IC:/msys64/mingw64/include -IC:/msys64/mingw64/include/libpng16 -IC:/msys64/mingw64/include'
poppler_glib_LIBS='-LC:/msys64/mingw64/lib -lpoppler-glib -lgobject-2.0 -lglib-2.0 -lintl -lcairo'
prefix='/mingw64'
program_transform_name='s,x,x,'
psdir='${docdir}'
sbindir='${exec_prefix}/sbin'
sharedstatedir='${prefix}/com'
sysconfdir='${prefix}/etc'
target_alias=''
zlib_CFLAGS='-IC:/msys64/mingw64/include'
zlib_LIBS='-LC:/msys64/mingw64/lib -lz'

## ----------- ##
## confdefs.h. ##
## ----------- ##

/* confdefs.h */
#define PACKAGE_NAME "epdfinfo"
#define PACKAGE_TARNAME "epdfinfo"
#define PACKAGE_VERSION "0.90"
#define PACKAGE_STRING "epdfinfo 0.90"
#define PACKAGE_BUGREPORT "politza@fh-trier.de"
#define PACKAGE_URL ""
#define PACKAGE "epdfinfo"
#define VERSION "0.90"
#define STDC_HEADERS 1
#define HAVE_SYS_TYPES_H 1
#define HAVE_SYS_STAT_H 1
#define HAVE_STDLIB_H 1
#define HAVE_STRING_H 1
#define HAVE_MEMORY_H 1
#define HAVE_STRINGS_H 1
#define HAVE_INTTYPES_H 1
#define HAVE_STDINT_H 1
#define HAVE_UNISTD_H 1
#define HAVE_ANNOT_H 1
#define HAVE_PDFDOCENCODING_H 1
#define HAVE_POPPLER_FIND_OPTS 1
#define HAVE_POPPLER_ANNOT_WRITE 1
#define HAVE_POPPLER_ANNOT_MARKUP 1
#define HAVE_STDLIB_H 1
#define HAVE_STRING_H 1
#define HAVE_STRINGS_H 1
#define HAVE_PTRDIFF_T 1
#define HAVE_STRCSPN 1
#define HAVE_STRTOL 1

configure: exit 0
